0 info it worked if it ends with ok
1 verbose cli [ '/usr/bin/node', '/bin/npm', 'run', 'sit' ]
2 info using npm@3.10.10
3 info using node@v6.11.1
4 verbose run-script [ 'presit', 'sit', 'postsit' ]
5 info lifecycle webpack-vue-seed@1.0.0~presit: webpack-vue-seed@1.0.0
6 silly lifecycle webpack-vue-seed@1.0.0~presit: no script for presit, continuing
7 info lifecycle webpack-vue-seed@1.0.0~sit: webpack-vue-seed@1.0.0
8 verbose lifecycle webpack-vue-seed@1.0.0~sit: unsafe-perm in lifecycle true
9 verbose lifecycle webpack-vue-seed@1.0.0~sit: PATH: /usr/lib/node_modules/npm/bin/node-gyp-bin:/root/hotfix-manager/node_modules/.bin:/usr/bin:/usr/local/sbin:/usr/local/bin:/sbin:/bin:/usr/sbin:/usr/bin:/root/bin:/root/bin
10 verbose lifecycle webpack-vue-seed@1.0.0~sit: CWD: /root/hotfix-manager
11 silly lifecycle webpack-vue-seed@1.0.0~sit: Args: [ '-c',
11 silly lifecycle   'webpack-dev-server --config ./build/webpack.sit.conf.js' ]
12 silly lifecycle webpack-vue-seed@1.0.0~sit: Returned: code: 1  signal: null
13 info lifecycle webpack-vue-seed@1.0.0~sit: Failed to exec sit script
14 verbose stack Error: webpack-vue-seed@1.0.0 sit: `webpack-dev-server --config ./build/webpack.sit.conf.js`
14 verbose stack Exit status 1
14 verbose stack     at EventEmitter.<anonymous> (/usr/lib/node_modules/npm/lib/utils/lifecycle.js:255:16)
14 verbose stack     at emitTwo (events.js:106:13)
14 verbose stack     at EventEmitter.emit (events.js:191:7)
14 verbose stack     at ChildProcess.<anonymous> (/usr/lib/node_modules/npm/lib/utils/spawn.js:40:14)
14 verbose stack     at emitTwo (events.js:106:13)
14 verbose stack     at ChildProcess.emit (events.js:191:7)
14 verbose stack     at maybeClose (internal/child_process.js:891:16)
14 verbose stack     at Process.ChildProcess._handle.onexit (internal/child_process.js:226:5)
15 verbose pkgid webpack-vue-seed@1.0.0
16 verbose cwd /root/hotfix-manager/src/apiConfig
17 error Linux 3.10.0-327.22.2.el7.x86_64
18 error argv "/usr/bin/node" "/bin/npm" "run" "sit"
19 error node v6.11.1
20 error npm  v3.10.10
21 error code ELIFECYCLE
22 error webpack-vue-seed@1.0.0 sit: `webpack-dev-server --config ./build/webpack.sit.conf.js`
22 error Exit status 1
23 error Failed at the webpack-vue-seed@1.0.0 sit script 'webpack-dev-server --config ./build/webpack.sit.conf.js'.
23 error Make sure you have the latest version of node.js and npm installed.
23 error If you do, this is most likely a problem with the webpack-vue-seed package,
23 error not with npm itself.
23 error Tell the author that this fails on your system:
23 error     webpack-dev-server --config ./build/webpack.sit.conf.js
23 error You can get information on how to open an issue for this project with:
23 error     npm bugs webpack-vue-seed
23 error Or if that isn't available, you can get their info via:
23 error     npm owner ls webpack-vue-seed
23 error There is likely additional logging output above.
24 verbose exit [ 1, true ]
